[2023-07-03 00:07:56] request.INFO: Matched route "admin_module_import". {"route":"admin_module_import","route_parameters":{"module_name":null,"_controller":"PrestaShopBundle\\Controller\\Admin\\Improve\\ModuleController::importModuleAction","_route":"admin_module_import"},"request_uri":"http://localhost:8888/ps/admin791mpnotu/index.php/improve/modules/import?_token=2K2N5gCPj4mGNspZ6W_fseNO9UmVbBkZmXnLn32-cIo","method":"POST"} []
[2023-07-03 00:07:56] security.DEBUG: Read existing security token from the session. {"key":"_security_main","token_class":"Symfony\\Component\\Security\\Core\\Authentication\\Token\\UsernamePasswordToken"} []
[2023-07-03 00:07:56] security.DEBUG: User was reloaded from a user provider. {"provider":"PrestaShopBundle\\Security\\Admin\\EmployeeProvider","username":"samuelmedinadg@gmail.com"} []
[2023-07-03 00:07:56] request.CRITICAL: Uncaught PHP Exception Exception: "The mime type of the file is invalid ("application/octet-stream"). Allowed mime types are "application/zip", "application/x-gzip", "application/gzip", "application/x-gtar", "application/x-tgz"." at /Applications/MAMP/htdocs/ps/src/PrestaShopBundle/Controller/Admin/Improve/ModuleController.php line 575 {"exception":"[object] (Exception(code: 0): The mime type of the file is invalid (\"application/octet-stream\"). Allowed mime types are \"application/zip\", \"application/x-gzip\", \"application/gzip\", \"application/x-gtar\", \"application/x-tgz\". at /Applications/MAMP/htdocs/ps/src/PrestaShopBundle/Controller/Admin/Improve/ModuleController.php:575)"} []
[2023-07-03 00:07:56] security.DEBUG: Stored the security token in the session. {"key":"_security_main"} []
[2023-07-03 03:15:23] request.INFO: Matched route "admin_module_import". {"route":"admin_module_import","route_parameters":{"module_name":null,"_controller":"PrestaShopBundle\\Controller\\Admin\\Improve\\ModuleController::importModuleAction","_route":"admin_module_import"},"request_uri":"http://localhost:8888/ps/admin791mpnotu/index.php/improve/modules/import?_token=k-FnKTTjgz_bnAo3xzBvXtjwQMDHvU7y9WP7kvALMMo","method":"POST"} []
[2023-07-03 03:15:23] security.DEBUG: Read existing security token from the session. {"key":"_security_main","token_class":"Symfony\\Component\\Security\\Core\\Authentication\\Token\\UsernamePasswordToken"} []
[2023-07-03 03:15:23] security.DEBUG: User was reloaded from a user provider. {"provider":"PrestaShopBundle\\Security\\Admin\\EmployeeProvider","username":"samuelmedinadg@gmail.com"} []
[2023-07-03 03:15:23] request.CRITICAL: Uncaught PHP Exception Exception: "This file does not seem to be a valid module zip" at /Applications/MAMP/htdocs/ps/src/Adapter/Module/ModuleZipManager.php line 139 {"exception":"[object] (Exception(code: 0): This file does not seem to be a valid module zip at /Applications/MAMP/htdocs/ps/src/Adapter/Module/ModuleZipManager.php:139)"} []
[2023-07-03 03:15:23] security.DEBUG: Stored the security token in the session. {"key":"_security_main"} []
[2023-07-03 03:20:20] request.INFO: Matched route "admin_module_import". {"route":"admin_module_import","route_parameters":{"module_name":null,"_controller":"PrestaShopBundle\\Controller\\Admin\\Improve\\ModuleController::importModuleAction","_route":"admin_module_import"},"request_uri":"http://localhost:8888/ps/admin791mpnotu/index.php/improve/modules/import?_token=VYHZUvF0a29I7g49hbfZ97fAORFegu3exWh0xPKotJ4","method":"POST"} []
[2023-07-03 03:20:20] security.DEBUG: Read existing security token from the session. {"key":"_security_main","token_class":"Symfony\\Component\\Security\\Core\\Authentication\\Token\\UsernamePasswordToken"} []
[2023-07-03 03:20:20] security.DEBUG: User was reloaded from a user provider. {"provider":"PrestaShopBundle\\Security\\Admin\\EmployeeProvider","username":"samuelmedinadg@gmail.com"} []
[2023-07-03 03:20:20] request.CRITICAL: Uncaught PHP Exception Exception: "This file does not seem to be a valid module zip" at /Applications/MAMP/htdocs/ps/src/Adapter/Module/ModuleZipManager.php line 139 {"exception":"[object] (Exception(code: 0): This file does not seem to be a valid module zip at /Applications/MAMP/htdocs/ps/src/Adapter/Module/ModuleZipManager.php:139)"} []
[2023-07-03 03:20:21] security.DEBUG: Stored the security token in the session. {"key":"_security_main"} []
[2023-07-03 03:28:42] request.INFO: Matched route "admin_module_import". {"route":"admin_module_import","route_parameters":{"module_name":null,"_controller":"PrestaShopBundle\\Controller\\Admin\\Improve\\ModuleController::importModuleAction","_route":"admin_module_import"},"request_uri":"http://localhost:8888/ps/admin791mpnotu/index.php/improve/modules/import?_token=VYHZUvF0a29I7g49hbfZ97fAORFegu3exWh0xPKotJ4","method":"POST"} []
[2023-07-03 03:28:42] security.DEBUG: Read existing security token from the session. {"key":"_security_main","token_class":"Symfony\\Component\\Security\\Core\\Authentication\\Token\\UsernamePasswordToken"} []
[2023-07-03 03:28:42] security.DEBUG: User was reloaded from a user provider. {"provider":"PrestaShopBundle\\Security\\Admin\\EmployeeProvider","username":"samuelmedinadg@gmail.com"} []
[2023-07-03 03:28:42] request.CRITICAL: Uncaught PHP Exception Exception: "This file does not seem to be a valid module zip" at /Applications/MAMP/htdocs/ps/src/Adapter/Module/ModuleZipManager.php line 139 {"exception":"[object] (Exception(code: 0): This file does not seem to be a valid module zip at /Applications/MAMP/htdocs/ps/src/Adapter/Module/ModuleZipManager.php:139)"} []
[2023-07-03 03:28:42] security.DEBUG: Stored the security token in the session. {"key":"_security_main"} []
